<?xml version="1.0" encoding="UTF-8"?>
<testsuite name="| latest?base=USD | USD | USD,GBP |" tests="3" skipped="1" failures="0" errors="0" timestamp="2021-03-21T22:41:23" hostname="DESKTOP-1QP077E" time="0.002">
  <properties/>
  <testcase name="When user calls &quot;latest?base=USD&quot;" classname="| latest?base=USD | USD | USD,GBP |" time="0.0"/>
  <testcase name="Then server return response with correct &quot;USD&quot;, &quot;USD,GBP&quot;" classname="| latest?base=USD | USD | USD,GBP |" time="0.0">
    <skipped/>
  </testcase>
  <testcase name="classMethod" classname="| latest?base=USD | USD | USD,GBP |" time="0.091"/>
  <system-out><![CDATA[]]></system-out>
  <system-err><![CDATA[]]></system-err>
</testsuite>
