<?xml version="1.0" encoding="UTF-8"?>
<testsuite name="rest.cucumber.CucumberIntegrationTest" tests="0" skipped="0" failures="0" errors="0" timestamp="1970-01-01T00:00:00" hostname="DESKTOP-1QP077E" time="0.0">
  <properties/>
  <system-out><![CDATA[
33 Scenarios (?[33m33 undefined?[0m)
66 Steps (?[33m33 undefined?[0m, ?[32m33 passed?[0m)
0m5,754s


You can implement missing steps with the snippets below:

@Then("^server return response with a status \"([^\"]*)\"$")
public void server_return_response_with_a_status(String arg1) throws Throwable {
    // Write code here that turns the phrase above into concrete actions
    throw new PendingException();
}

@Then("^server return response with correct \"([^\"]*)\", \"([^\"]*)\"$")
public void server_return_response_with_correct(String arg1, String arg2) throws Throwable {
    // Write code here that turns the phrase above into concrete actions
    throw new PendingException();
}

@Then("^server return response with correct date \"([^\"]*)\"$")
public void server_return_response_with_correct_date(String arg1) throws Throwable {
    // Write code here that turns the phrase above into concrete actions
    throw new PendingException();
}

@Then("^server return response that includes fields \"([^\"]*)\", \"([^\"]*)\",\"([^\"]*)\"$")
public void server_return_response_that_includes_fields(String arg1, String arg2, String arg3) throws Throwable {
    // Write code here that turns the phrase above into concrete actions
    throw new PendingException();
}

]]></system-out>
  <system-err><![CDATA[]]></system-err>
</testsuite>
