<?xml version="1.0" encoding="UTF-8"?>
<testsuite name="| 2010-01-12?symbols=USD,GBP | 2010-01-12 |" tests="3" skipped="1" failures="0" errors="0" timestamp="2021-03-21T22:41:24" hostname="DESKTOP-1QP077E" time="0.0">
  <properties/>
  <testcase name="When user calls &quot;2010-01-12?symbols=USD,GBP&quot;" classname="| 2010-01-12?symbols=USD,GBP | 2010-01-12 |" time="0.0"/>
  <testcase name="Then server return response with correct date &quot;2010-01-12&quot;" classname="| 2010-01-12?symbols=USD,GBP | 2010-01-12 |" time="0.0">
    <skipped/>
  </testcase>
  <testcase name="classMethod" classname="| 2010-01-12?symbols=USD,GBP | 2010-01-12 |" time="0.055"/>
  <system-out><![CDATA[]]></system-out>
  <system-err><![CDATA[]]></system-err>
</testsuite>
