<?xml version="1.0" encoding="UTF-8"?>
<testsuite name="| latest?sss | 400 |" tests="3" skipped="1" failures="0" errors="0" timestamp="2021-03-21T22:41:22" hostname="DESKTOP-1QP077E" time="0.002">
  <properties/>
  <testcase name="When user calls &quot;latest?sss&quot;" classname="| latest?sss | 400 |" time="0.001"/>
  <testcase name="Then server return response with a status &quot;400&quot;" classname="| latest?sss | 400 |" time="0.0">
    <skipped/>
  </testcase>
  <testcase name="classMethod" classname="| latest?sss | 400 |" time="0.065"/>
  <system-out><![CDATA[]]></system-out>
  <system-err><![CDATA[]]></system-err>
</testsuite>
